<?xml version="1.0" encoding="UTF-8"?>
<!-- Generated by org.testng.reporters.JUnitReportReporter -->
<testsuite skipped="0" hostname="christiandlo" name="pruebacss.loginTest" tests="1" failures="0" timestamp="19 oct 2017 00:49:38 GMT" time="14.189" errors="0">
  <testcase name="ingresaUser" time="14.189" classname="pruebacss.loginTest"/>
</testsuite> <!-- pruebacss.loginTest -->
