<?xml version="1.0" encoding="UTF-8"?>
<!-- Generated by org.testng.reporters.JUnitReportReporter -->
<testsuite skipped="0" hostname="christiandlo" name="SeleniumJenkinsTestNGprueba1.AccesoUser" tests="1" failures="0" timestamp="10 dic 2017 20:23:56 GMT" time="9.536" errors="0">
  <testcase name="ingresaUser" time="9.536" classname="SeleniumJenkinsTestNGprueba1.AccesoUser"/>
</testsuite> <!-- SeleniumJenkinsTestNGprueba1.AccesoUser -->
