<?xml version="1.0" encoding="UTF-8"?>
<!-- Generated by org.testng.reporters.JUnitReportReporter -->
<testsuite skipped="0" hostname="christiandlo" name="SeleniumJenkinsTestNGprueba1.Prueba_deElementos" tests="1" failures="0" timestamp="23 oct 2017 23:21:03 GMT" time="22.717" errors="0">
  <testcase name="getTitleAutentiaTest" time="22.717" classname="SeleniumJenkinsTestNGprueba1.Prueba_deElementos"/>
</testsuite> <!-- SeleniumJenkinsTestNGprueba1.Prueba_deElementos -->
