<?xml version="1.0" encoding="UTF-8"?>
<!-- Generated by org.testng.reporters.JUnitReportReporter -->
<testsuite skipped="0" hostname="christiandlo" name="PruebaElemento" tests="1" failures="0" timestamp="18 oct 2017 01:21:54 GMT" time="9.101" errors="0">
  <testcase name="getTitleAutentiaTest" time="9.101" classname="PruebaElemento"/>
</testsuite> <!-- PruebaElemento -->
