<?xml version="1.0" encoding="UTF-8"?>
<!-- Generated by org.testng.reporters.JUnitReportReporter -->
<testsuite skipped="0" hostname="christiandlo" name="SeleniumJenkinsTestNGprueba1.AccesoUser" tests="1" failures="0" timestamp="23 oct 2017 23:21:03 GMT" time="38.128" errors="0">
  <testcase name="ingresaUser" time="38.128" classname="SeleniumJenkinsTestNGprueba1.AccesoUser"/>
</testsuite> <!-- SeleniumJenkinsTestNGprueba1.AccesoUser -->
